0 info it worked if it ends with ok
1 verbose cli [ 'node', '/usr/local/bin/npm', 'install', 'forman' ]
2 info using npm@1.4.9
3 info using node@v0.10.28
4 warn package.json MxF2014@0.0.1 No README data
5 verbose readDependencies using package.json deps
6 verbose cache add [ 'forman', null ]
7 verbose cache add name=undefined spec="forman" args=["forman",null]
8 verbose parsed url { protocol: null,
8 verbose parsed url   slashes: null,
8 verbose parsed url   auth: null,
8 verbose parsed url   host: null,
8 verbose parsed url   port: null,
8 verbose parsed url   hostname: null,
8 verbose parsed url   hash: null,
8 verbose parsed url   search: null,
8 verbose parsed url   query: null,
8 verbose parsed url   pathname: 'forman',
8 verbose parsed url   path: 'forman',
8 verbose parsed url   href: 'forman' }
9 silly lockFile 48075c98-forman forman
10 verbose lock forman /Users/arlton/.npm/48075c98-forman.lock
11 silly lockFile 48075c98-forman forman
12 silly lockFile 48075c98-forman forman
13 verbose addNamed [ 'forman', '' ]
14 verbose addNamed [ null, '*' ]
15 silly lockFile d8494bdc-forman forman@
16 verbose lock forman@ /Users/arlton/.npm/d8494bdc-forman.lock
17 silly addNameRange { name: 'forman', range: '*', hasData: false }
18 verbose url raw forman
19 verbose url resolving [ 'https://registry.npmjs.org/', './forman' ]
20 verbose url resolved https://registry.npmjs.org/forman
21 info trying registry request attempt 1 at 08:47:04
22 http GET https://registry.npmjs.org/forman
23 http 404 https://registry.npmjs.org/forman
24 verbose headers { date: 'Fri, 20 Jun 2014 13:47:05 GMT',
24 verbose headers   server: 'CouchDB/1.5.0 (Erlang OTP/R16B03)',
24 verbose headers   'content-type': 'application/json',
24 verbose headers   'cache-control': 'max-age=0',
24 verbose headers   'content-length': '52',
24 verbose headers   'accept-ranges': 'bytes',
24 verbose headers   via: '1.1 varnish',
24 verbose headers   age: '0',
24 verbose headers   'x-served-by': 'cache-dfw1828-DFW',
24 verbose headers   'x-cache': 'MISS',
24 verbose headers   'x-cache-hits': '0',
24 verbose headers   'x-timer': 'S1403272025.575507,VS0,VE47',
24 verbose headers   'keep-alive': 'timeout=10, max=50',
24 verbose headers   connection: 'Keep-Alive' }
25 silly registry.get cb [ 404,
25 silly registry.get   { date: 'Fri, 20 Jun 2014 13:47:05 GMT',
25 silly registry.get     server: 'CouchDB/1.5.0 (Erlang OTP/R16B03)',
25 silly registry.get     'content-type': 'application/json',
25 silly registry.get     'cache-control': 'max-age=0',
25 silly registry.get     'content-length': '52',
25 silly registry.get     'accept-ranges': 'bytes',
25 silly registry.get     via: '1.1 varnish',
25 silly registry.get     age: '0',
25 silly registry.get     'x-served-by': 'cache-dfw1828-DFW',
25 silly registry.get     'x-cache': 'MISS',
25 silly registry.get     'x-cache-hits': '0',
25 silly registry.get     'x-timer': 'S1403272025.575507,VS0,VE47',
25 silly registry.get     'keep-alive': 'timeout=10, max=50',
25 silly registry.get     connection: 'Keep-Alive' } ]
26 silly lockFile d8494bdc-forman forman@
27 silly lockFile d8494bdc-forman forman@
28 error 404 404 Not Found: forman
28 error 404
28 error 404 'forman' is not in the npm registry.
28 error 404 You should bug the author to publish it
28 error 404 It was specified as a dependency of 'MxF2014'
28 error 404
28 error 404 Note that you can also install from a
28 error 404 tarball, folder, or http url, or git url.
29 error System Darwin 13.2.0
30 error command "node" "/usr/local/bin/npm" "install" "forman"
31 error cwd /Users/arlton/Sites/mxf2014
32 error node -v v0.10.28
33 error npm -v 1.4.9
34 error code E404
35 verbose exit [ 1, true ]
